d:\ktsen\documents\aubg\courses\cos 221 fundamental data structures\course project\matrixcalculatorproject\debug\vc142.pdb
d:\ktsen\documents\aubg\courses\cos 221 fundamental data structures\course project\matrixcalculatorproject\debug\vc142.idb
d:\ktsen\documents\aubg\courses\cos 221 fundamental data structures\course project\matrixcalculatorproject\debug\vector4d.obj
d:\ktsen\documents\aubg\courses\cos 221 fundamental data structures\course project\matrixcalculatorproject\debug\vector3d.obj
d:\ktsen\documents\aubg\courses\cos 221 fundamental data structures\course project\matrixcalculatorproject\debug\vector2d.obj
d:\ktsen\documents\aubg\courses\cos 221 fundamental data structures\course project\matrixcalculatorproject\debug\vector.obj
d:\ktsen\documents\aubg\courses\cos 221 fundamental data structures\course project\matrixcalculatorproject\debug\transmatrix3d.obj
d:\ktsen\documents\aubg\courses\cos 221 fundamental data structures\course project\matrixcalculatorproject\debug\transmatrix2d.obj
d:\ktsen\documents\aubg\courses\cos 221 fundamental data structures\course project\matrixcalculatorproject\debug\matrix4d.obj
d:\ktsen\documents\aubg\courses\cos 221 fundamental data structures\course project\matrixcalculatorproject\debug\matrix3d.obj
d:\ktsen\documents\aubg\courses\cos 221 fundamental data structures\course project\matrixcalculatorproject\debug\matrix2d.obj
d:\ktsen\documents\aubg\courses\cos 221 fundamental data structures\course project\matrixcalculatorproject\debug\main.obj
d:\ktsen\documents\aubg\courses\cos 221 fundamental data structures\course project\matrixcalculatorproject\debug\kmp.obj
d:\ktsen\documents\aubg\courses\cos 221 fundamental data structures\course project\matrixcalculatorproject\debug\prompt.obj
d:\ktsen\documents\aubg\courses\cos 221 fundamental data structures\course project\matrixcalculatorproject\debug\matrixcalculatorproject.ilk
d:\ktsen\documents\aubg\courses\cos 221 fundamental data structures\course project\matrixcalculatorproject\debug\matrixcalculatorproject.exe
d:\ktsen\documents\aubg\courses\cos 221 fundamental data structures\course project\matrixcalculatorproject\debug\matrixcalculatorproject.pdb
d:\ktsen\documents\aubg\courses\cos 221 fundamental data structures\course project\matrixcalculatorproject\debug\matrixca.439d855e.tlog\cl.command.1.tlog
d:\ktsen\documents\aubg\courses\cos 221 fundamental data structures\course project\matrixcalculatorproject\debug\matrixca.439d855e.tlog\cl.read.1.tlog
d:\ktsen\documents\aubg\courses\cos 221 fundamental data structures\course project\matrixcalculatorproject\debug\matrixca.439d855e.tlog\cl.write.1.tlog
d:\ktsen\documents\aubg\courses\cos 221 fundamental data structures\course project\matrixcalculatorproject\debug\matrixca.439d855e.tlog\link.command.1.tlog
d:\ktsen\documents\aubg\courses\cos 221 fundamental data structures\course project\matrixcalculatorproject\debug\matrixca.439d855e.tlog\link.read.1.tlog
d:\ktsen\documents\aubg\courses\cos 221 fundamental data structures\course project\matrixcalculatorproject\debug\matrixca.439d855e.tlog\link.write.1.tlog
